<?xml version="1.0" encoding="UTF-8"?>
<testng-results ignored="0" total="1" passed="1" failed="0" skipped="0">
  <reporter-output>
  </reporter-output>
  <suite started-at="2026-03-05T12:22:36 IST" name="SauceDemoSuite" finished-at="2026-03-05T12:22:51 IST" duration-ms="15166">
    <groups>
    </groups>
    <test started-at="2026-03-05T12:22:36 IST" name="SauceTests" finished-at="2026-03-05T12:22:51 IST" duration-ms="15166">
      <class name="tests.CheckoutTest">
        <test-method is-config="true" signature="setup()[pri:0, instance:tests.CheckoutTest@1bd4fdd]" started-at="2026-03-05T12:22:36 IST" name="setup" finished-at="2026-03-05T12:22:40 IST" duration-ms="3699" status="PASS">
          <reporter-output>
          </reporter-output>
        </test-method> <!-- setup -->
        <test-method signature="testCompletePurchase()[pri:0, instance:tests.CheckoutTest@1bd4fdd]" started-at="2026-03-05T12:22:40 IST" name="testCompletePurchase" finished-at="2026-03-05T12:22:41 IST" duration-ms="1154" status="PASS">
          <reporter-output>
          </reporter-output>
        </test-method> <!-- testCompletePurchase -->
        <test-method is-config="true" signature="teardown()[pri:0, instance:tests.CheckoutTest@1bd4fdd]" started-at="2026-03-05T12:22:41 IST" name="teardown" finished-at="2026-03-05T12:22:51 IST" duration-ms="10261" status="PASS">
          <reporter-output>
          </reporter-output>
        </test-method> <!-- teardown -->
      </class> <!-- tests.CheckoutTest -->
    </test> <!-- SauceTests -->
  </suite> <!-- SauceDemoSuite -->
</testng-results>
